11:43:05 AM:DEBUG [logger_base.py:13] Mensaje a nivel debug
11:43:05 AM:INFO [logger_base.py:14] Mensaje a nivel info
11:43:05 AM:WARNING [logger_base.py:15] Mensaje nivel warning
11:43:05 AM:ERROR [logger_base.py:16] Mnesaje nivel error
11:43:05 AM:CRITICAL [logger_base.py:17] Mensaje nivel critical
10:19:25 PM:DEBUG [logger_base.py:13] Mensaje a nivel debug
10:19:25 PM:INFO [logger_base.py:14] Mensaje a nivel info
10:19:25 PM:WARNING [logger_base.py:15] Mensaje nivel warning
10:19:25 PM:ERROR [logger_base.py:16] Mnesaje nivel error
10:19:25 PM:CRITICAL [logger_base.py:17] Mensaje nivel critical
06:49:37 PM:DEBUG [logger_base.py:13] Mensaje a nivel debug
06:49:37 PM:INFO [logger_base.py:14] Mensaje a nivel info
06:49:37 PM:WARNING [logger_base.py:15] Mensaje nivel warning
06:49:37 PM:ERROR [logger_base.py:16] Mnesaje nivel error
06:49:37 PM:CRITICAL [logger_base.py:17] Mensaje nivel critical
07:57:51 PM:DEBUG [cursor_del_pool.py:11] Inicio del metodo with y __enter__
08:02:36 PM:DEBUG [cursor_del_pool.py:11] Inicio del metodo with y __enter__
08:05:40 PM:DEBUG [cursor_del_pool.py:11] Inicio del metodo with y __enter__
08:05:40 PM:ERROR [conexion.py:41] Ocurrio un error al obtener el pool: type object 'Conexion' has no attribute '_MIN_CON'
08:12:17 PM:DEBUG [cursor_del_pool.py:11] Inicio del metodo with y __enter__
08:12:17 PM:ERROR [conexion.py:41] Ocurrio un error al obtener el pool: type object 'Conexion' has no attribute '_MIN_CON'
08:34:49 PM:DEBUG [cursor_del_pool.py:11] Inicio del metodo with y __enter__
08:34:49 PM:ERROR [conexion.py:41] Ocurrio un error al obtener el pool: type object 'Conexion' has no attribute '_MIN_CON'
08:35:41 PM:DEBUG [cursor_del_pool.py:11] Inicio del metodo with y __enter__
08:35:41 PM:ERROR [conexion.py:42] Ocurrio un error al obtener el pool: int() argument must be a string, a bytes-like object or a real number, not 'NoneType'
08:41:20 PM:DEBUG [cursor_del_pool.py:11] Inicio del metodo with y __enter__
08:41:20 PM:ERROR [conexion.py:41] Ocurrio un error al obtener el pool: type object 'Conexion' has no attribute '_MIN_CON'
08:48:05 PM:DEBUG [cursor_del_pool.py:11] Inicio del metodo with y __enter__
08:48:05 PM:ERROR [conexion.py:41] Ocurrio un error al obtener el pool: type object 'Conexion' has no attribute '_MIN_CON'
08:50:31 PM:DEBUG [cursor_del_pool.py:11] Inicio del metodo with y __enter__
08:50:31 PM:ERROR [conexion.py:41] Ocurrio un error al obtener el pool: type object 'Conexion' has no attribute '_MIN_CON'
09:00:55 PM:DEBUG [cursor_del_pool.py:11] Inicio del metodo with y __enter__
09:00:55 PM:ERROR [conexion.py:41] Ocurrio un error al obtener el pool: type object 'Conexion' has no attribute '_MIN_CON'
09:15:23 PM:DEBUG [cursor_del_pool.py:11] Inicio del metodo with y __enter__
09:15:25 PM:ERROR [conexion.py:39] Ocurrio un error al obtener el pool: could not translate host name "postgres" to address: Unknown host

09:31:54 PM:DEBUG [cursor_del_pool.py:11] Inicio del metodo with y __enter__
09:31:56 PM:ERROR [conexion.py:39] Ocurrio un error al obtener el pool: could not translate host name "postgres" to address: Unknown host

09:36:21 PM:DEBUG [cursor_del_pool.py:11] Inicio del metodo with y __enter__
09:36:23 PM:ERROR [conexion.py:39] Ocurrio un error al obtener el pool: could not translate host name "postgres" to address: Unknown host

09:38:03 PM:DEBUG [cursor_del_pool.py:11] Inicio del metodo with y __enter__
09:38:05 PM:ERROR [conexion.py:39] Ocurrio un error al obtener el pool: could not translate host name "postgres" to address: Unknown host

09:41:44 PM:DEBUG [cursor_del_pool.py:11] Inicio del metodo with y __enter__
09:41:46 PM:ERROR [conexion.py:39] Ocurrio un error al obtener el pool: could not translate host name "postgres" to address: Unknown host

